Build started 3/26/2013 9:52:23 AM.
     1>Project "C:\Users\IceFrogger1313\documents\visual studio 2010\Projects\Heap\Heap\Heap.vcxproj" on node 2 (build target(s)).
     1>InitializeBuildStatus:
         Creating "Debug\Heap.unsuccessfulbuild" because "AlwaysCreate" was specified.
       ClCompile:
         C:\Program Files (x86)\OtherPrograms\Microsoft Visual Studio 10.0\VC\bin\CL.exe /c /ZI /nologo /W3 /WX- /Od /Oy- /D WIN32 /D _DEBUG /D _CONSOLE /D _UNICODE /D UNICODE /Gm /EHsc /RTC1 /MDd /GS /fp:precise /Zc:wchar_t /Zc:forScope /Fo"Debug\\" /Fd"Debug\vc100.pdb" /Gd /TP /analyze- /errorReport:prompt heapDriver.cpp
         heapDriver.cpp
       ManifestResourceCompile:
         All outputs are up-to-date.
       Link:
         C:\Program Files (x86)\OtherPrograms\Microsoft Visual Studio 10.0\VC\bin\link.exe /ERRORREPORT:PROMPT /OUT:"C:\Users\IceFrogger1313\documents\visual studio 2010\Projects\Heap\Debug\Heap.exe" /INCREMENTAL /NOLOGO kernel32.lib user32.lib gdi32.lib winspool.lib comdlg32.lib advapi32.lib shell32.lib ole32.lib oleaut32.lib uuid.lib odbc32.lib odbccp32.lib /MANIFEST /ManifestFile:"Debug\Heap.exe.intermediate.manifest" /MANIFESTUAC:"level='asInvoker' uiAccess='false'" /DEBUG /PDB:"C:\Users\IceFrogger1313\documents\visual studio 2010\Projects\Heap\Debug\Heap.pdb" /SUBSYSTEM:CONSOLE /TLBID:1 /DYNAMICBASE /NXCOMPAT /IMPLIB:"C:\Users\IceFrogger1313\documents\visual studio 2010\Projects\Heap\Debug\Heap.lib" /MACHINE:X86 Debug\Heap.exe.embed.manifest.res
         Debug\heapDriver.obj
       Manifest:
         C:\Program Files (x86)\Microsoft SDKs\Windows\v7.0A\bin\mt.exe /nologo /verbose /out:"Debug\Heap.exe.embed.manifest" /manifest Debug\Heap.exe.intermediate.manifest
         All outputs are up-to-date.
       LinkEmbedManifest:
         All outputs are up-to-date.
         Heap.vcxproj -> C:\Users\IceFrogger1313\documents\visual studio 2010\Projects\Heap\Debug\Heap.exe
       FinalizeBuildStatus:
         Deleting file "Debug\Heap.unsuccessfulbuild".
         Touching "Debug\Heap.lastbuildstate".
     1>Done Building Project "C:\Users\IceFrogger1313\documents\visual studio 2010\Projects\Heap\Heap\Heap.vcxproj" (build target(s)).

Build succeeded.

Time Elapsed 00:00:01.02
